================================
处理文件：上海张江(集团)有限公司2020年度第一期中期票据募集说明书(更新).pdf
开始时间：Fri Apr 17 18:32:46 2020
表格所在章节数为：147
表格所在页数为：149
计量单位为：万元
目标表格提取
清洗数据
银行名称:交通银行  授信额度:257850.00  已用额度:135250.00  剩余额度:122600.00
银行名称:工商银行  授信额度:1330702.80  已用额度:729922.54  剩余额度:600780.26
银行名称:中国银行  授信额度:508980.00  已用额度:275980.00  剩余额度:233000.00
银行名称:上海银行  授信额度:665200.00  已用额度:164630.00  剩余额度:500570.00
银行名称:农业银行  授信额度:437000.00  已用额度:318249.00  剩余额度:118751.00
银行名称:招商银行  授信额度:520000.00  已用额度:209850.00  剩余额度:310150.00
银行名称:建设银行  授信额度:1000000.00  已用额度:308055.09  剩余额度:691944.91
银行名称:浦东发展银行  授信额度:706000.00  已用额度:87650.00  剩余额度:618350.00
银行名称:民生银行  授信额度:317850.00  已用额度:7850.00  剩余额度:310000.00
银行名称:北京银行  授信额度:204230.00  已用额度:14230.00  剩余额度:190000.00
银行名称:中信实业银行  授信额度:222000.00  已用额度:12000.00  剩余额度:210000.00
银行名称:农商行  授信额度:170250.00  已用额度:160259.55  剩余额度:9990.45
银行名称:国开行  授信额度:50000.00  已用额度:45000.00  剩余额度:5000.00
银行名称:大连银行  授信额度:10000.00  已用额度:10000.00  剩余额度:0.00
银行名称:广发银行  授信额度:90000.00  已用额度:20000.00  剩余额度:70000.00
银行名称:天津银行  授信额度:3250.00  已用额度:3250.00  剩余额度:0.00
银行名称:交银国际信托  授信额度:160300.00  已用额度:160300.00  剩余额度:0.00
银行名称:农发展银行  授信额度:207000.00  已用额度:126900.00  剩余额度:80100.00
银行名称:汇丰银行  授信额度:30000.00  已用额度:10000.00  剩余额度:20000.00
银行名称:邮储银行  授信额度:90000.00  已用额度:10000.00  剩余额度:80000.00
银行名称:光大银行  授信额度:30000.00  已用额度:26250.00  剩余额度:3750.00
银行名称:进出口银行  授信额度:50000.00  已用额度:20000.00  剩余额度:30000.00
银行名称:总计  授信额度:7085612.80  已用额度:2855626.18  剩余额度:4229986.62
处理完成
结束时间：Fri Apr 17 18:32:50 2020
================================
处理文件：中国中铁股份有限公司2020年度第一期中期票据募集说明书.pdf
开始时间：Fri Apr 17 18:32:50 2020
表格所在章节数为：169
表格所在页数为：171
计量单位为：万元
目标表格提取
清洗数据
处理完成
结束时间：Fri Apr 17 18:32:55 2020
================================
处理文件：中国光大集团股份公司2020年度第十期超短期融资券募集说明书.pdf
开始时间：Fri Apr 17 18:32:55 2020
表格所在章节数为：122
表格所在页数为：124
计量单位为：亿元
目标表格提取
清洗数据
处理完成
结束时间：Fri Apr 17 18:32:59 2020
================================
处理文件：中国国新控股有限责任公司2020年度第二期中期票据募集说明书.pdf
开始时间：Fri Apr 17 18:32:59 2020
表格所在章节数为：196
表格所在页数为：198
计量单位为：亿元
目标表格提取
清洗数据
银行名称:招商银行  授信额度:450.00  已用额度:157.68  剩余额度:292.32
银行名称:建设银行  授信额度:800.00  已用额度:503.13  剩余额度:296.87
银行名称:光大银行  授信额度:205.00  已用额度:10.50  剩余额度:194.50
银行名称:交通银行  授信额度:156.50  已用额度:61.50  剩余额度:95.00
银行名称:工商银行  授信额度:134.00  已用额度:55.25  剩余额度:78.75
银行名称:上海银行  授信额度:120.00  已用额度:55.60  剩余额度:64.40
银行名称:中信银行  授信额度:100.00  已用额度:30.00  剩余额度:70.00
银行名称:农业银行  授信额度:540.00  已用额度:50.50  剩余额度:489.50
银行名称:邮储银行  授信额度:100.00  已用额度:41.30  剩余额度:58.70
银行名称:国开行  授信额度:100.00  已用额度:15.00  剩余额度:85.00
银行名称:浦发银行  授信额度:200.00  已用额度:10.00  剩余额度:190.00
银行名称:国新财务公司  授信额度:20.00  已用额度:15.00  剩余额度:5.00
银行名称:江苏银行  授信额度:20.00  已用额度:3.00  剩余额度:17.00
银行名称:北京农商行  授信额度:50.00  已用额度:5.00  剩余额度:45.00
银行名称:合计  授信额度:3440.50  已用额度:1013.46  剩余额度:2427.04
处理完成
结束时间：Fri Apr 17 18:33:04 2020
================================
处理文件：中国石油天然气股份有限公司2020年度第一期中期票据募集说明书.pdf
开始时间：Fri Apr 17 18:33:04 2020
表格所在章节数为：104
表格所在页数为：106
计量单位为：亿元
目标表格提取
清洗数据
处理完成
结束时间：Fri Apr 17 18:33:12 2020
================================
处理文件：中国联合水泥集团有限公司2020年度第十二期超短期融资券(疫情防控债)募集说明书.pdf
开始时间：Fri Apr 17 18:33:12 2020
表格所在章节数为：145
表格所在页数为：148
计量单位为：万元
目标表格提取
清洗数据
处理完成
结束时间：Fri Apr 17 18:33:29 2020
================================
处理文件：中国航空技术深圳有限公司2020年度第一期中期票据募集说明书.pdf
开始时间：Fri Apr 17 18:33:29 2020
表格所在章节数为：199
表格所在页数为：200
计量单位为：亿元
目标表格提取
清洗数据
银行名称:中国进出口银行  授信额度:167.52  已用额度:86.78  剩余额度:80.74
银行名称:中国农业银行  授信额度:156.61  已用额度:60.13  剩余额度:96.48
银行名称:中国银行  授信额度:122.17  已用额度:32.59  剩余额度:89.58
银行名称:上海银行  授信额度:113.00  已用额度:4.50  剩余额度:108.50
银行名称:中国建设银行  授信额度:110.00  已用额度:28.06  剩余额度:81.94
银行名称:中国工商银行  授信额度:94.22  已用额度:15.39  剩余额度:78.83
银行名称:国家开发银行  授信额度:92.94  已用额度:81.86  剩余额度:11.08
银行名称:邮储银行  授信额度:70.00  已用额度:15.98  剩余额度:54.02
银行名称:兴业银行  授信额度:67.30  已用额度:19.89  剩余额度:47.41
银行名称:招商银行  授信额度:57.00  已用额度:27.12  剩余额度:29.88
银行名称:其他银行  授信额度:286.29  已用额度:78.45  剩余额度:207.84
银行名称:合计  授信额度:1337.06  已用额度:450.74  剩余额度:886.32
处理完成
结束时间：Fri Apr 17 18:33:36 2020
================================
处理文件：中国铝业股份有限公司2020年度第七期超短期融资券募集说明书.pdf
开始时间：Fri Apr 17 18:33:36 2020
表格所在章节数为：178
表格所在页数为：179
计量单位为：万元
目标表格提取
清洗数据
银行名称:北京农商行  授信额度:230000.00  已用额度:200000.00  剩余额度:30000.00
银行名称:北京银行  授信额度:650000.00  已用额度:150000.00  剩余额度:500000.00
银行名称:法外贸  授信额度:40083.00  已用额度:9788.66  剩余额度:30294.34
银行名称:法兴  授信额度:7000.00  已用额度:1227.78  剩余额度:5772.22
银行名称:工商银行  授信额度:512893.50  已用额度:231703.50  剩余额度:281190.00
银行名称:光大银行  授信额度:330000.00  已用额度:20000.00  剩余额度:310000.00
银行名称:广发银行  授信额度:605000.00  已用额度:288200.00  剩余额度:316800.00
银行名称:国开行  授信额度:2246492.00  已用额度:1020372.00  剩余额度:1226120.00
银行名称:建设银行  授信额度:2291674.50  已用额度:716499.94  剩余额度:1575174.56
银行名称:交通银行  授信额度:1690179.50  已用额度:1164079.50  剩余额度:526100.00
银行名称:美国银行  授信额度:50783.00  已用额度:21277.46  剩余额度:29505.54
银行名称:民生银行  授信额度:345000.00  已用额度:50000.00  剩余额度:295000.00
银行名称:内蒙古银行  授信额度:38888.00  已用额度:3000.00  剩余额度:35888.00
银行名称:宁夏银行  授信额度:29800.00  已用额度:4800.00  剩余额度:25000.00
银行名称:农业银行  授信额度:1907110.00  已用额度:727809.00  剩余额度:1179301.00
银行名称:浦发银行  授信额度:547500.00  已用额度:430899.00  剩余额度:116601.00
银行名称:上海银行  授信额度:1670000.00  已用额度:260025.70  剩余额度:1409974.30
银行名称:星展银行  授信额度:64624.50  已用额度:36643.79  剩余额度:27980.71
银行名称:兴业银行  授信额度:458000.00  已用额度:66700.00  剩余额度:391300.00
银行名称:招商银行  授信额度:67687.50  已用额度:39687.50  剩余额度:28000.00
银行名称:中国银行  授信额度:1710723.00  已用额度:415091.00  剩余额度:1295632.00
银行名称:中铝财务  授信额度:931000.00  已用额度:210638.00  剩余额度:720362.00
银行名称:中信银行  授信额度:1890000.00  已用额度:96000.00  剩余额度:1794000.00
银行名称:合计  授信额度:18314438.50  已用额度:6164442.83  剩余额度:12149995.67
处理完成
结束时间：Fri Apr 17 18:33:40 2020
================================
处理文件：义乌市国有资本运营有限公司2020年度第二期中期票据(疫情防控债)募集说明书.pdf
开始时间：Fri Apr 17 18:33:40 2020
表格所在章节数为：357
表格所在页数为：360
计量单位为：万元
目标表格提取
清洗数据
银行名称:农业发展银行  授信额度:1440000.00  已用额度:714516.48  剩余额度:725483.52
银行名称:农业银行  授信额度:717100.00  已用额度:673399.00  剩余额度:43701.00
银行名称:工商银行  授信额度:577550.00  已用额度:453388.42  剩余额度:124161.58
银行名称:国家开发银行  授信额度:871400.00  已用额度:450350.00  剩余额度:421050.00
银行名称:中信银行  授信额度:400000.00  已用额度:350000.00  剩余额度:50000.00
银行名称:中国银行  授信额度:370300.00  已用额度:285980.00  剩余额度:84320.00
银行名称:稠州银行  授信额度:290000.00  已用额度:284000.00  剩余额度:6000.00
银行名称:建设银行  授信额度:317000.00  已用额度:274400.00  剩余额度:42600.00
银行名称:兴业银行  授信额度:290000.00  已用额度:260000.00  剩余额度:30000.00
银行名称:进出口银行  授信额度:396000.00  已用额度:222000.00  剩余额度:174000.00
银行名称:民生银行  授信额度:202000.00  已用额度:202000.00  剩余额度:0.00
银行名称:邮储银行  授信额度:200000.00  已用额度:188350.00  剩余额度:11650.00
银行名称:宁波银行  授信额度:343037.60  已用额度:185885.88  剩余额度:157151.72
银行名称:交通银行  授信额度:186500.00  已用额度:127800.00  剩余额度:58700.00
银行名称:浦发银行  授信额度:150000.00  已用额度:124950.00  剩余额度:25050.00
银行名称:农商银行  授信额度:142500.00  已用额度:113500.00  剩余额度:29000.00
银行名称:华夏银行  授信额度:84000.00  已用额度:75775.00  剩余额度:8225.00
银行名称:招商银行  授信额度:135000.00  已用额度:57260.00  剩余额度:77740.00
银行名称:杭州银行  授信额度:72500.00  已用额度:39500.00  剩余额度:33000.00
银行名称:华侨银行  授信额度:50000.00  已用额度:23390.38  剩余额度:26609.62
银行名称:光大银行  授信额度:20000.00  已用额度:10000.00  剩余额度:10000.00
银行名称:金华银行  授信额度:10000.00  已用额度:10000.00  剩余额度:0.00
银行名称:瑞丰银行  授信额度:10000.00  已用额度:4250.00  剩余额度:5750.00
银行名称:总计  授信额度:7274887.60  已用额度:5130695.16  剩余额度:2144192.44
处理完成
结束时间：Fri Apr 17 18:33:46 2020
================================
处理文件：云南铜业股份有限公司2020年度第二期超短期融资券募集说明书.pdf
开始时间：Fri Apr 17 18:33:46 2020
表格所在章节数为：155
表格所在页数为：155
计量单位为：亿元
目标表格提取
清洗数据
银行名称:中国进出口银行  授信额度:110.76  已用额度:67.27  剩余额度:43.49
银行名称:中国建设银行股份有限公司  授信额度:96.30  已用额度:61.52  剩余额度:34.78
银行名称:中铝财务有限责任公司  授信额度:30.00  已用额度:19.40  剩余额度:10.60
银行名称:中国农业银行股份有限公司  授信额度:26.46  已用额度:12.24  剩余额度:14.22
银行名称:中国光大银行股份有限公司  授信额度:23.00  已用额度:14.88  剩余额度:8.12
银行名称:中国工商银行股份有限公司  授信额度:22.50  已用额度:6.34  剩余额度:16.16
银行名称:兴业银行股份有限公司  授信额度:22.30  已用额度:17.48  剩余额度:4.82
银行名称:招商银行股份有限公司  授信额度:19.00  已用额度:5.52  剩余额度:13.48
银行名称:华夏银行股份有限公司  授信额度:15.00  已用额度:10.40  剩余额度:4.60
银行名称:交通银行股份有限公司  授信额度:15.00  已用额度:4.02  剩余额度:10.98
银行名称:富滇银行股份有限公司  授信额度:8.00  已用额度:1.40  剩余额度:6.60
银行名称:中国银行股份有限公司  授信额度:7.10  已用额度:0.49  剩余额度:6.61
银行名称:福建海峡银行股份有限公司  授信额度:7.00  已用额度:5.64  剩余额度:1.36
银行名称:广发银行股份有限公司  授信额度:7.00  已用额度:5.50  剩余额度:1.50
银行名称:合计  授信额度:426.42  已用额度:232.09  剩余额度:194.33
处理完成
结束时间：Fri Apr 17 18:34:01 2020
================================
处理文件：京津冀城际铁路投资有限公司2020年度第一期中期票据募集说明书.pdf
开始时间：Fri Apr 17 18:34:01 2020
表格所在章节数为：141
表格所在页数为：145
计量单位为：亿元
目标表格提取
清洗数据
银行名称:中国建设银行  授信额度:99.09  已用额度:8.03  剩余额度:91.06
银行名称:中国邮政储蓄银行  授信额度:93.20  已用额度:5.69  剩余额度:87.51
银行名称:北京农村商业银行  授信额度:56.60  已用额度:0.77  剩余额度:55.83
银行名称:中国民生银行  授信额度:21.60  已用额度:0.10  剩余额度:21.50
银行名称:北京银行  授信额度:94.00  已用额度:1.81  剩余额度:92.19
银行名称:招商银行  授信额度:74.00  已用额度:0.10  剩余额度:73.90
银行名称:渤海银行  授信额度:0.16  已用额度:0.16  剩余额度:0.00
银行名称:合计  授信额度:1032.61  已用额度:58.68  剩余额度:973.93
处理完成
结束时间：Fri Apr 17 18:34:15 2020
================================
处理文件：前海联捷2020年度第二期碧桂园供应链应付账款资产支持票据募集说明书.pdf
开始时间：Fri Apr 17 18:34:15 2020
未找到表格章节页数
处理完成
结束时间：Fri Apr 17 18:34:24 2020
================================
处理文件：北京首农食品集团有限公司2020年度第一期中期票据募集说明书.pdf
开始时间：Fri Apr 17 18:34:24 2020
表格所在章节数为：220
表格所在页数为：224
计量单位为：亿元
目标表格提取
清洗数据
银行名称:北京农商银行  授信额度:140.44  已用额度:72.13  剩余额度:68.31
银行名称:中国建设银行  授信额度:190.00  已用额度:30.95  剩余额度:159.05
银行名称:华夏银行  授信额度:143.70  已用额度:14.35  剩余额度:129.35
银行名称:中国工商银行  授信额度:161.72  已用额度:82.72  剩余额度:79.00
银行名称:国家开发银行股份有限公司  授信额度:24.13  已用额度:16.85  剩余额度:7.28
银行名称:北京银行  授信额度:218.12  已用额度:36.08  剩余额度:182.04
银行名称:中国邮政储蓄银行  授信额度:100.00  已用额度:16.00  剩余额度:84.00
银行名称:中信银行  授信额度:130.00  已用额度:21.87  剩余额度:108.13
银行名称:中国民生银行  授信额度:70.00  已用额度:21.84  剩余额度:48.16
银行名称:上海浦东发展银行  授信额度:100.00  已用额度:0.17  剩余额度:99.83
银行名称:中国银行  授信额度:76.65  已用额度:24.53  剩余额度:52.12
银行名称:中国进出口银行  授信额度:34.00  已用额度:33.00  剩余额度:1.00
银行名称:兴业银行  授信额度:110.00  已用额度:17.31  剩余额度:92.69
银行名称:香港汇丰银行  授信额度:39.94  已用额度:21.82  剩余额度:18.12
银行名称:昆仑银行  授信额度:10.00  已用额度:5.00  剩余额度:5.00
银行名称:中国交通银行  授信额度:82.00  已用额度:7.82  剩余额度:74.18
银行名称:中国招商银行  授信额度:26.15  已用额度:4.00  剩余额度:22.15
银行名称:广发银行  授信额度:65.00  已用额度:4.95  剩余额度:60.05
银行名称:中国农业发展银行  授信额度:30.80  已用额度:27.58  剩余额度:3.22
银行名称:天津农商银行  授信额度:0.38  已用额度:0.38  剩余额度:0.00
银行名称:中国农业银行  授信额度:5.35  已用额度:1.23  剩余额度:4.12
银行名称:江苏仪征农村商业银行  授信额度:0.26  已用额度:0.26  剩余额度:0.00
银行名称:水穗银行  授信额度:0.08  已用额度:0.08  剩余额度:0.00
银行名称:闪星银行  授信额度:0.09  已用额度:0.09  剩余额度:0.00
银行名称:柳州市区农村信用合作联社  授信额度:0.25  已用额度:0.25  剩余额度:0.00
银行名称:中国华融资产管理股份有限公司陕西分公司  授信额度:1.80  已用额度:1.80  剩余额度:0.00
银行名称:澳新银行  授信额度:0.27  已用额度:0.27  剩余额度:0.00
银行名称:法国外贸银行  授信额度:10.08  已用额度:10.08  剩余额度:0.00
银行名称:合计  授信额度:1988.99  已用额度:494.19  剩余额度:1494.80
处理完成
结束时间：Fri Apr 17 18:34:30 2020
================================
处理文件：北京首都旅游集团有限责任公司2020年度第一期中期票据募集说明书(更新).pdf
开始时间：Fri Apr 17 18:34:30 2020
表格所在章节数为：201919175
未找到表格所在页数
处理完成
结束时间：Fri Apr 17 18:34:31 2020
================================
处理文件：华能天成融资租赁有限公司2020年度第五期超短期融资券募集说明书.pdf
开始时间：Fri Apr 17 18:34:31 2020
表格所在章节数为：146
表格所在页数为：148
计量单位为：亿元
目标表格提取
清洗数据
银行名称:中国农业银行  授信额度:30.00  已用额度:8.23  剩余额度:21.77
银行名称:中国银行  授信额度:35.00  已用额度:24.70  剩余额度:10.30
银行名称:中国建设银行  授信额度:45.00  已用额度:7.00  剩余额度:38.00
银行名称:中国进出口银行  授信额度:20.00  已用额度:13.81  剩余额度:6.19
银行名称:浦东发展银行  授信额度:30.00  已用额度:11.85  剩余额度:18.15
银行名称:中国民生银行  授信额度:20.00  已用额度:4.45  剩余额度:15.55
银行名称:光大银行  授信额度:10.00  已用额度:8.30  剩余额度:1.70
银行名称:中信银行  授信额度:26.00  已用额度:2.70  剩余额度:23.30
银行名称:广发银行  授信额度:25.00  已用额度:8.25  剩余额度:16.75
银行名称:北京银行  授信额度:40.00  已用额度:11.40  剩余额度:28.60
银行名称:江苏银行  授信额度:5.00  已用额度:2.90  剩余额度:2.10
银行名称:宁波银行  授信额度:5.00  已用额度:0.35  剩余额度:4.65
银行名称:北京农商行  授信额度:15.00  已用额度:3.45  剩余额度:11.55
银行名称:河北银行  授信额度:4.00  已用额度:0.48  剩余额度:3.52
银行名称:新韩银行  授信额度:1.00  已用额度:0.36  剩余额度:0.64
银行名称:厦门国际银行  授信额度:7.50  已用额度:0.75  剩余额度:6.75
银行名称:德意志银行  授信额度:9.00  已用额度:4.96  剩余额度:4.04
银行名称:华商银行  授信额度:5.00  已用额度:1.67  剩余额度:3.33
银行名称:合计  授信额度:514.50  已用额度:115.61  剩余额度:398.89
处理完成
结束时间：Fri Apr 17 18:34:35 2020
================================
处理文件：南京建邺国有资产经营集团有限公司2020年度第一期中期票据募集说明书.pdf
开始时间：Fri Apr 17 18:34:35 2020
表格所在章节数为：118
表格所在页数为：120
计量单位为：万元
目标表格提取
清洗数据
银行名称:紫金农商行  授信额度:125000.00  已用额度:52000.00  剩余额度:73000.00
银行名称:建设银行  授信额度:300000.00  已用额度:67900.00  剩余额度:232100.00
银行名称:工商银行  授信额度:690000.00  已用额度:494000.00  剩余额度:196000.00
银行名称:邮储银行  授信额度:90000.00  已用额度:42750.00  剩余额度:47250.00
银行名称:南京银行  授信额度:375000.00  已用额度:255800.00  剩余额度:119200.00
银行名称:平安保险  授信额度:150000.00  已用额度:100000.00  剩余额度:50000.00
银行名称:浦发银行  授信额度:40000.00  已用额度:40000.00  剩余额度:0.00
银行名称:兴业银行  授信额度:50000.00  已用额度:25000.00  剩余额度:25000.00
银行名称:华夏银行  授信额度:40000.00  已用额度:23000.00  剩余额度:17000.00
银行名称:北京银行  授信额度:190000.00  已用额度:100000.00  剩余额度:90000.00
银行名称:中国银行  授信额度:80000.00  已用额度:68700.00  剩余额度:11300.00
银行名称:交通银行  授信额度:144000.00  已用额度:80600.00  剩余额度:63400.00
银行名称:宁波银行  授信额度:55000.00  已用额度:38593.50  剩余额度:16406.50
银行名称:华润银行  授信额度:50000.00  已用额度:20000.00  剩余额度:30000.00
银行名称:江苏银行  授信额度:130000.00  已用额度:10000.00  剩余额度:120000.00
银行名称:杭州银行  授信额度:50000.00  已用额度:20000.00  剩余额度:30000.00
银行名称:合计  授信额度:2669000.00  已用额度:1438343.50  剩余额度:1230656.50
处理完成
结束时间：Fri Apr 17 18:34:39 2020
================================
处理文件：南京溧水商贸旅游集团有限公司2020年度第二期超短期融资券募集说明书.pdf
开始时间：Fri Apr 17 18:34:39 2020
表格所在章节数为：161
表格所在页数为：162
计量单位为：万元
目标表格提取
清洗数据
银行名称:溧水农商行  授信额度:15000.00  已用额度:15000.00  剩余额度:0.00
银行名称:宁波银行  授信额度:30000.00  已用额度:30000.00  剩余额度:0.00
银行名称:工商银行  授信额度:50000.00  已用额度:50000.00  剩余额度:0.00
银行名称:银团贷款  授信额度:300000.00  已用额度:300000.00  剩余额度:0.00
银行名称:中信银行  授信额度:20000.00  已用额度:20000.00  剩余额度:0.00
银行名称:兴业银行  授信额度:750000.00  已用额度:586000.00  剩余额度:164000.00
银行名称:中国银行  授信额度:30000.00  已用额度:30000.00  剩余额度:0.00
银行名称:上海银行  授信额度:10000.00  已用额度:10000.00  剩余额度:0.00
银行名称:光大银行  授信额度:30000.00  已用额度:30000.00  剩余额度:0.00
银行名称:南京银行  授信额度:30000.00  已用额度:30000.00  剩余额度:0.00
银行名称:农发行  授信额度:150000.00  已用额度:150000.00  剩余额度:0.00
银行名称:紫金农商行  授信额度:25500.00  已用额度:25500.00  剩余额度:0.00
银行名称:江苏银行  授信额度:9000.00  已用额度:9000.00  剩余额度:0.00
银行名称:合计  授信额度:1449500.00  已用额度:1285500.00  剩余额度:164000.00
处理完成
结束时间：Fri Apr 17 18:34:50 2020
================================
处理文件：南山集团有限公司2020年度第一期超短期融资券(疫情防控债)募集说明书.pdf
开始时间：Fri Apr 17 18:34:50 2020
表格所在章节数为：194
表格所在页数为：198
计量单位为：万元
目标表格提取
清洗数据
处理完成
结束时间：Fri Apr 17 18:35:11 2020
================================
处理文件：南昌水利投资发展有限公司2020年度第一期中期票据募集说明书(更正).pdf
开始时间：Fri Apr 17 18:35:11 2020
表格所在章节数为：181
表格所在页数为：182
计量单位为：亿元
目标表格提取
清洗数据
处理完成
结束时间：Fri Apr 17 18:35:15 2020
================================
处理文件：台州市路桥公共资产投资管理有限公司2020年度第一期超短期融资券募集说明书.pdf
开始时间：Fri Apr 17 18:35:15 2020
表格所在章节数为：192
表格所在页数为：195
计量单位为：万元
目标表格提取
清洗数据
银行名称:宁波银行  授信额度:263300.00  已用额度:263300.00  剩余额度:0.00
银行名称:农业银行  授信额度:186800.00  已用额度:143000.00  剩余额度:43800.00
银行名称:农发行  授信额度:178000.00  已用额度:141000.00  剩余额度:37000.00
银行名称:兴业银行  授信额度:185100.00  已用额度:141280.00  剩余额度:43820.00
银行名称:建设银行  授信额度:182000.00  已用额度:116000.00  剩余额度:66000.00
银行名称:中国银行  授信额度:200000.00  已用额度:110000.00  剩余额度:90000.00
银行名称:浦发银行  授信额度:118000.00  已用额度:107300.00  剩余额度:10700.00
银行名称:工商银行  授信额度:100000.00  已用额度:100000.00  剩余额度:0.00
银行名称:国开行  授信额度:110000.00  已用额度:108000.00  剩余额度:2000.00
银行名称:华夏银行  授信额度:89000.00  已用额度:89000.00  剩余额度:0.00
银行名称:恒丰银行  授信额度:80200.00  已用额度:77900.00  剩余额度:2300.00
银行名称:中信银行  授信额度:65000.00  已用额度:65000.00  剩余额度:0.00
银行名称:浙商银行  授信额度:60000.00  已用额度:60000.00  剩余额度:0.00
银行名称:温州银行  授信额度:55000.00  已用额度:38000.00  剩余额度:17000.00
银行名称:泰隆银行  授信额度:43400.00  已用额度:35400.00  剩余额度:8000.00
银行名称:光大银行  授信额度:35000.00  已用额度:35000.00  剩余额度:0.00
银行名称:民生银行  授信额度:30000.00  已用额度:30000.00  剩余额度:0.00
银行名称:绍兴银行  授信额度:26600.00  已用额度:26600.00  剩余额度:0.00
银行名称:民泰银行  授信额度:22000.00  已用额度:22000.00  剩余额度:0.00
银行名称:厦门国际银行  授信额度:20000.00  已用额度:20000.00  剩余额度:0.00
银行名称:平安银行  授信额度:10000.00  已用额度:10000.00  剩余额度:0.00
银行名称:广发银行  授信额度:10000.00  已用额度:10000.00  剩余额度:0.00
银行名称:招商银行  授信额度:8000.00  已用额度:8000.00  剩余额度:0.00
银行名称:金华银行  授信额度:8000.00  已用额度:8000.00  剩余额度:0.00
银行名称:交通银行  授信额度:4000.00  已用额度:4000.00  剩余额度:0.00
银行名称:合计  授信额度:2089400.00  已用额度:1768780.00  剩余额度:320620.00
银行名称:合计  授信额度:70.00  已用额度:65.50  剩余额度:4.50
银行名称:市场经营  授信额度:25940.01  已用额度:22073.03  剩余额度:3866.98
银行名称:水务板块  授信额度:17492.29  已用额度:11109.55  剩余额度:6382.74
银行名称:房产销售收入  授信额度:15059.86  已用额度:4068.41  剩余额度:10991.45
银行名称:交通运输  授信额度:5595.17  已用额度:5525.80  剩余额度:69.37
银行名称:工程建设  授信额度:5473.02  已用额度:752.23  剩余额度:4720.79
银行名称:综合服务  授信额度:5055.52  已用额度:4871.67  剩余额度:183.85
银行名称:其他业务  授信额度:1681.69  已用额度:13.18  剩余额度:1668.51
银行名称:合计  授信额度:72430.58  已用额度:52280.85  剩余额度:20149.73
银行名称:市场经营  授信额度:17428.79  已用额度:13310.37  剩余额度:4118.42
银行名称:水务板块  授信额度:24003.07  已用额度:16355.49  剩余额度:7647.58
银行名称:房产销售收入  授信额度:15457.23  已用额度:3605.86  剩余额度:11851.37
处理完成
结束时间：Fri Apr 17 18:35:39 2020
================================
处理文件：国家电力投资集团有限公司2020年度第五期中期票据募集说明书.pdf
开始时间：Fri Apr 17 18:35:39 2020
表格所在章节数为：145
表格所在页数为：146
计量单位为：亿元
目标表格提取
清洗数据
银行名称:工商银行  授信额度:1746.00  已用额度:1144.00  剩余额度:602.00
银行名称:建设银行  授信额度:2000.00  已用额度:1220.00  剩余额度:780.00
银行名称:农业银行  授信额度:1596.49  已用额度:920.02  剩余额度:676.47
银行名称:中国银行  授信额度:1950.00  已用额度:443.89  剩余额度:1506.11
银行名称:国家开发银行  授信额度:2507.96  已用额度:872.67  剩余额度:1635.29
银行名称:交通银行  授信额度:386.00  已用额度:155.00  剩余额度:231.00
银行名称:中国进出口银行  授信额度:1253.10  已用额度:152.76  剩余额度:1100.34
银行名称:中国邮政储蓄银行  授信额度:900.00  已用额度:207.00  剩余额度:693.00
银行名称:招商银行  授信额度:400.00  已用额度:290.24  剩余额度:109.76
银行名称:浦发银行  授信额度:400.00  已用额度:80.20  剩余额度:319.80
银行名称:光大银行  授信额度:350.00  已用额度:14.82  剩余额度:335.18
银行名称:北京农商行  授信额度:76.35  已用额度:26.29  剩余额度:50.06
银行名称:北京银行  授信额度:285.50  已用额度:71.06  剩余额度:214.44
银行名称:中信银行  授信额度:400.00  已用额度:223.14  剩余额度:176.86
银行名称:广发银行  授信额度:140.00  已用额度:6.00  剩余额度:134.00
银行名称:合计  授信额度:14391.40  已用额度:5827.09  剩余额度:8564.31
处理完成
结束时间：Fri Apr 17 18:35:56 2020
================================
处理文件：大同煤矿集团有限责任公司2020年度第九期超短期融资券募集说明书.pdf
开始时间：Fri Apr 17 18:35:56 2020
表格所在章节数为：188
表格所在页数为：190
计量单位为：万元
目标表格提取
清洗数据
处理完成
结束时间：Fri Apr 17 18:36:06 2020
================================
处理文件：宁波保税区投资开发有限责任公司2020年度第一期中期票据(疫情防控债)募集说明书.pdf
开始时间：Fri Apr 17 18:36:06 2020
表格所在章节数为：124
表格所在页数为：126
计量单位为：万元
目标表格提取
清洗数据
银行名称:中国农业银行宁波保税区支行  授信额度:30000.00  已用额度:12000.00  剩余额度:18000.00
银行名称:中国银行保税区支行  授信额度:50000.00  已用额度:47500.00  剩余额度:2500.00
银行名称:广发银行北仑支行  授信额度:20000.00  已用额度:4000.00  剩余额度:16000.00
银行名称:中国工商银行宁波保税区支行  授信额度:112500.00  已用额度:65500.00  剩余额度:47000.00
银行名称:招商银行北仑支行  授信额度:30000.00  已用额度:5000.00  剩余额度:25000.00
银行名称:中国建设银行象山支行  授信额度:27000.00  已用额度:18000.00  剩余额度:9000.00
银行名称:合计  授信额度:269500.00  已用额度:152000.00  剩余额度:117500.00
处理完成
结束时间：Fri Apr 17 18:36:10 2020
================================
处理文件：安徽省铁路发展基金股份有限公司2020年度第一期中期票据募集说明书(更新).pdf
开始时间：Fri Apr 17 18:36:10 2020
表格所在章节数为：156
表格所在页数为：158
计量单位为：亿元
目标表格提取
清洗数据
银行名称:平安银行  授信额度:28.00  已用额度:18.00  剩余额度:10.00
银行名称:中国银行  授信额度:33.99  已用额度:33.99  剩余额度:0.00
银行名称:农业银行  授信额度:9.00  已用额度:9.00  剩余额度:0.00
银行名称:浦发银行  授信额度:11.25  已用额度:9.00  剩余额度:2.25
银行名称:兴业银行  授信额度:12.00  已用额度:10.00  剩余额度:2.00
银行名称:建设银行  授信额度:18.00  已用额度:15.00  剩余额度:3.00
银行名称:光大银行  授信额度:22.00  已用额度:20.00  剩余额度:2.00
银行名称:国开行  授信额度:12.90  已用额度:12.90  剩余额度:0.00
银行名称:定向融资工具  授信额度:20.00  已用额度:15.00  剩余额度:5.00
银行名称:中期票据  授信额度:20.00  已用额度:10.00  剩余额度:10.00
银行名称:招商银行  授信额度:10.00  已用额度:7.00  剩余额度:3.00
银行名称:东莞银行  授信额度:6.00  已用额度:0.50  剩余额度:5.50
银行名称:九江银行  授信额度:7.00  已用额度:2.00  剩余额度:5.00
银行名称:杭州银行  授信额度:15.00  已用额度:6.50  剩余额度:8.50
银行名称:合肥农科行  授信额度:0.80  已用额度:0.80  剩余额度:0.00
处理完成
结束时间：Fri Apr 17 18:36:14 2020
================================
处理文件：广州市番禺信息技术投资发展有限公司2020年度第一期超短期融资券募集说明书(更正).pdf
开始时间：Fri Apr 17 18:36:14 2020
表格所在章节数为：138
表格所在页数为：140
计量单位为：万元
目标表格提取
清洗数据
银行名称:广州农商行  授信额度:44.05  已用额度:15.69  剩余额度:28.36
银行名称:工商银行  授信额度:4.70  已用额度:4.37  剩余额度:0.33
银行名称:工商银行  授信额度:13.00  已用额度:1.54  剩余额度:11.46
银行名称:建设银行  授信额度:7.50  已用额度:0.90  剩余额度:6.60
银行名称:东莞银行  授信额度:2.00  已用额度:0.50  剩余额度:1.50
银行名称:东莞银行  授信额度:3.60  已用额度:2.16  剩余额度:1.44
银行名称:华夏银行  授信额度:2.00  已用额度:1.10  剩余额度:0.90
银行名称:中国银行  授信额度:4.84  已用额度:2.70  剩余额度:2.14
银行名称:合计  授信额度:81.69  已用额度:28.96  剩余额度:52.73
处理完成
结束时间：Fri Apr 17 18:36:27 2020
================================
处理文件：广西柳州市东城投资开发集团有限公司2020年度第一期中期票据募集说明书.pdf
开始时间：Fri Apr 17 18:36:27 2020
表格所在章节数为：201919198
未找到表格所在页数
处理完成
结束时间：Fri Apr 17 18:36:42 2020
================================
处理文件：徐州市交通控股集团有限公司2020年度第一期中期票据募集说明书.pdf
开始时间：Fri Apr 17 18:36:42 2020
表格所在章节数为：116
表格所在页数为：118
计量单位为：万元
目标表格提取
清洗数据
银行名称:兴业银行  授信额度:65000.00  已用额度:65000.00  剩余额度:0.00
银行名称:民生银行  授信额度:79000.00  已用额度:61136.00  剩余额度:17864.00
银行名称:中国银行  授信额度:65000.00  已用额度:43650.00  剩余额度:21350.00
银行名称:交通银行  授信额度:25000.00  已用额度:24000.00  剩余额度:1000.00
银行名称:华夏银行  授信额度:30000.00  已用额度:20000.00  剩余额度:10000.00
银行名称:光大银行  授信额度:124000.00  已用额度:109000.00  剩余额度:15000.00
银行名称:江苏银行  授信额度:50000.00  已用额度:17500.00  剩余额度:32500.00
银行名称:南京银行  授信额度:30000.00  已用额度:24000.00  剩余额度:6000.00
银行名称:广发银行  授信额度:20000.00  已用额度:19000.00  剩余额度:1000.00
银行名称:铜山农商行  授信额度:5000.00  已用额度:4950.00  剩余额度:50.00
银行名称:浦发银行  授信额度:105000.00  已用额度:59100.00  剩余额度:45900.00
银行名称:其他业务  授信额度:2172.82  已用额度:1293.11  剩余额度:879.71
银行名称:合计  授信额度:121498.38  已用额度:114909.10  剩余额度:6589.28
银行名称:其他业务  授信额度:955.16  已用额度:595.60  剩余额度:359.56
银行名称:合计  授信额度:103930.34  已用额度:100991.52  剩余额度:2938.82
处理完成
结束时间：Fri Apr 17 18:36:47 2020
================================
处理文件：扬州绿色产业投资发展控股(集团)有限责任公司2020年度第二期超短期融资券募集说明书(更新).pdf
开始时间：Fri Apr 17 18:36:47 2020
表格所在章节数为：121
表格所在页数为：121
计量单位为：亿元
目标表格提取
清洗数据
银行名称:浙商银行扬州分行  授信额度:43000.00  已用额度:24000.00  剩余额度:19000.00
银行名称:招商银行开发区支行  授信额度:30000.00  已用额度:29350.00  剩余额度:650.00
银行名称:扬州农村商业银行  授信额度:1900.00  已用额度:1900.00  剩余额度:0.00
银行名称:苏州银行扬州分行  授信额度:37000.00  已用额度:20000.00  剩余额度:17000.00
银行名称:厦门国际银行上海分行  授信额度:23650.00  已用额度:18855.00  剩余额度:4795.00
银行名称:浦发银行扬州分行  授信额度:5000.00  已用额度:5000.00  剩余额度:0.00
银行名称:农业银行  授信额度:2000.00  已用额度:1000.00  剩余额度:1000.00
银行名称:南京银行扬州分行  授信额度:73500.00  已用额度:9000.00  剩余额度:64500.00
银行名称:交通银行  授信额度:125000.00  已用额度:84000.00  剩余额度:41000.00
银行名称:江苏银行开发区支行  授信额度:66000.00  已用额度:21500.00  剩余额度:44500.00
银行名称:建设银行开发区支行  授信额度:28000.00  已用额度:22000.00  剩余额度:6000.00
银行名称:集友银行深圳分行  授信额度:21921.25  已用额度:21921.25  剩余额度:0.00
银行名称:华夏银行扬州分行  授信额度:15000.00  已用额度:9250.00  剩余额度:5750.00
银行名称:光大银行扬州分行  授信额度:65000.00  已用额度:25000.00  剩余额度:40000.00
银行名称:工行开发区支行  授信额度:223700.00  已用额度:127600.00  剩余额度:96100.00
银行名称:常熟农商行扬州分行  授信额度:27500.00  已用额度:10000.00  剩余额度:17500.00
银行名称:渤海银行苏州分行  授信额度:20000.00  已用额度:18500.00  剩余额度:1500.00
银行名称:澳门国际银行广州分行  授信额度:10000.00  已用额度:10000.00  剩余额度:0.00
银行名称:总计  授信额度:997171.25  已用额度:564096.25  剩余额度:433075.00
银行名称:定向工具  授信额度:2022.10  已用额度:2015.10  剩余额度:7.00
银行名称:中期票据  授信额度:2020.11  已用额度:2015.11  剩余额度:5.00
银行名称:私募公司债  授信额度:2020.12  已用额度:2015.12  剩余额度:5.00
银行名称:中期票据  授信额度:2021.03  已用额度:2016.03  剩余额度:5.00
银行名称:私募公司债  授信额度:2021.11  已用额度:2016.11  剩余额度:5.00
银行名称:定向工具  授信额度:2022.06  已用额度:2017.06  剩余额度:5.00
银行名称:定向工具  授信额度:2021.11  已用额度:2018.11  剩余额度:3.00
银行名称:公司债  授信额度:2022.40  已用额度:2019.40  剩余额度:3.00
处理完成
结束时间：Fri Apr 17 18:36:51 2020
================================
处理文件：无锡产业发展集团有限公司2020年度第六期超短期融资券募集说明书.pdf
开始时间：Fri Apr 17 18:36:51 2020
表格所在章节数为：210
表格所在页数为：213
计量单位为：万元
目标表格提取
清洗数据
处理完成
结束时间：Fri Apr 17 18:37:14 2020
================================
处理文件：江苏方洋集团有限公司2020年度第二期超短期融资券募集说明书.pdf
开始时间：Fri Apr 17 18:37:14 2020
表格所在章节数为：182
表格所在页数为：185
计量单位为：万元
目标表格提取
清洗数据
银行名称:平安银行河西支行  授信额度:15000.00  已用额度:15000.00  剩余额度:0.00
银行名称:华夏银行连云港分行  授信额度:24500.00  已用额度:14500.00  剩余额度:10000.00
银行名称:民生银行上海分行  授信额度:18998.00  已用额度:18998.00  剩余额度:0.00
银行名称:兴业银行连云港分行  授信额度:4950.00  已用额度:4950.00  剩余额度:0.00
银行名称:兴业银行连云港分行  授信额度:5000.00  已用额度:5000.00  剩余额度:0.00
银行名称:民生银行上海分行  授信额度:9462.00  已用额度:9462.00  剩余额度:0.00
银行名称:光大银行南京分行  授信额度:28597.75  已用额度:28597.75  剩余额度:0.00
银行名称:天津银行上海普陀支行  授信额度:20000.00  已用额度:20000.00  剩余额度:0.00
银行名称:招商银行连云港分行  授信额度:25000.00  已用额度:20000.00  剩余额度:5000.00
银行名称:民生银行上海分行  授信额度:60000.00  已用额度:58600.00  剩余额度:1400.00
银行名称:广发银行南京分行  授信额度:22000.00  已用额度:22000.00  剩余额度:0.00
银行名称:江苏银行开发区支行  授信额度:9500.00  已用额度:9500.00  剩余额度:0.00
银行名称:招行连云港分行  授信额度:15000.00  已用额度:15000.00  剩余额度:0.00
银行名称:恒丰银行连云港分行  授信额度:10000.00  已用额度:10000.00  剩余额度:0.00
银行名称:广州银行南京分行  授信额度:18000.00  已用额度:18000.00  剩余额度:0.00
银行名称:中行连云港分行  授信额度:5000.00  已用额度:1000.00  剩余额度:4000.00
银行名称:江苏银行浦中支行  授信额度:5000.00  已用额度:5000.00  剩余额度:0.00
银行名称:吴江农商行连云支行  授信额度:4800.00  已用额度:4800.00  剩余额度:0.00
银行名称:交行连云支行  授信额度:12000.00  已用额度:4000.00  剩余额度:8000.00
银行名称:苏宁银行总行营业部  授信额度:4000.00  已用额度:4000.00  剩余额度:0.00
银行名称:南京银行连云港分行  授信额度:3000.00  已用额度:3000.00  剩余额度:0.00
银行名称:东方银行营业部  授信额度:8000.00  已用额度:8000.00  剩余额度:0.00
银行名称:交通银行连云港分行  授信额度:6000.00  已用额度:6000.00  剩余额度:0.00
银行名称:南京银行连云港分行  授信额度:500.00  已用额度:500.00  剩余额度:0.00
银行名称:东方银行营业部  授信额度:4200.00  已用额度:4200.00  剩余额度:0.00
银行名称:润银科技小额贷款  授信额度:1000.00  已用额度:1000.00  剩余额度:0.00
银行名称:润银科技小额贷款  授信额度:1000.00  已用额度:1000.00  剩余额度:0.00
银行名称:南京银行连云港分行  授信额度:500.00  已用额度:500.00  剩余额度:0.00
银行名称:建行徐圩支行  授信额度:100.00  已用额度:100.00  剩余额度:0.00
银行名称:建行徐圩支行  授信额度:300.00  已用额度:300.00  剩余额度:0.00
银行名称:建行徐圩支行  授信额度:300.00  已用额度:300.00  剩余额度:0.00
银行名称:华夏银行连云港分行  授信额度:1800.00  已用额度:1800.00  剩余额度:0.00
银行名称:江苏银行浦中支行  授信额度:500.00  已用额度:500.00  剩余额度:0.00
银行名称:建行徐圩支行  授信额度:300.00  已用额度:300.00  剩余额度:0.00
银行名称:交行连云支行  授信额度:500.00  已用额度:500.00  剩余额度:0.00
银行名称:南京银行连云港分行  授信额度:1000.00  已用额度:1000.00  剩余额度:0.00
银行名称:建行徐圩支行  授信额度:10000.00  已用额度:3411.59  剩余额度:6588.41
银行名称:华夏银行连云港分行  授信额度:1000.00  已用额度:1000.00  剩余额度:0.00
银行名称:短期借款小计  授信额度:376757.75  已用额度:341769.34  剩余额度:34988.41
银行名称:中行银团-江苏银行  授信额度:20000.00  已用额度:8750.00  剩余额度:11250.00
银行名称:中行银团-交通银行  授信额度:17000.00  已用额度:7437.70  剩余额度:9562.30
银行名称:中行银团-中国银行  授信额度:60000.00  已用额度:20750.00  剩余额度:39250.00
银行名称:建行银团-市江苏银行  授信额度:30000.00  已用额度:3946.00  剩余额度:26054.00
银行名称:建行银团-市建行  授信额度:90000.00  已用额度:25745.00  剩余额度:64255.00
银行名称:建行银团-市农行  授信额度:40000.00  已用额度:8000.00  剩余额度:32000.00
银行名称:进出口银行江苏省分行  授信额度:53700.00  已用额度:33950.00  剩余额度:19750.00
银行名称:进出口银行江苏省分行  授信额度:61700.00  已用额度:29000.00  剩余额度:32700.00
银行名称:交通银行连云支行  授信额度:16000.00  已用额度:13000.00  剩余额度:3000.00
银行名称:南京银行连云港分行  授信额度:50000.00  已用额度:29000.00  剩余额度:21000.00
银行名称:徽商银行南京分行  授信额度:100000.00  已用额度:88499.70  剩余额度:11500.30
银行名称:中行连云港分行  授信额度:25000.00  已用额度:20000.00  剩余额度:5000.00
银行名称:厦门国际银行上海分行  授信额度:27500.00  已用额度:27500.00  剩余额度:0.00
银行名称:渤海银行股份有限公司  授信额度:10000.00  已用额度:9750.00  剩余额度:250.00
银行名称:渤海银行股份有限公司  授信额度:20000.00  已用额度:19320.00  剩余额度:680.00
银行名称:渤海银行股份有限公司  授信额度:10000.00  已用额度:9500.00  剩余额度:500.00
银行名称:兴业银行连云港分行  授信额度:25000.00  已用额度:25000.00  剩余额度:0.00
银行名称:兴业银行连云港分行  授信额度:16500.00  已用额度:16500.00  剩余额度:0.00
银行名称:新华信托  授信额度:30000.00  已用额度:29800.00  剩余额度:200.00
银行名称:南京银行连云港分行  授信额度:30000.00  已用额度:29900.00  剩余额度:100.00
银行名称:民生银行上海分行  授信额度:20000.00  已用额度:19900.00  剩余额度:100.00
银行名称:紫金信托  授信额度:30000.00  已用额度:30000.00  剩余额度:0.00
银行名称:兴业银行连云港分行  授信额度:7850.00  已用额度:7850.00  剩余额度:0.00
银行名称:平安银行南京分行  授信额度:60000.00  已用额度:54500.00  剩余额度:5500.00
银行名称:东方农商银行营业部  授信额度:10000.00  已用额度:9000.00  剩余额度:1000.00
银行名称:建行徐圩支行  授信额度:20000.00  已用额度:19700.00  剩余额度:300.00
银行名称:苏州银行连云港分行  授信额度:5000.00  已用额度:4900.00  剩余额度:100.00
银行名称:国元信托  授信额度:20000.00  已用额度:16758.00  剩余额度:3242.00
银行名称:华宝信托有限责任公司  授信额度:45000.00  已用额度:30300.00  剩余额度:14700.00
银行名称:工商银行连云港分行  授信额度:15000.00  已用额度:13125.00  剩余额度:1875.00
银行名称:中行连云港分行  授信额度:15000.00  已用额度:10000.00  剩余额度:5000.00
银行名称:农业银行连云港分行  授信额度:35000.00  已用额度:3800.00  剩余额度:31200.00
银行名称:润银科技小额贷款  授信额度:1500.00  已用额度:1500.00  剩余额度:0.00
银行名称:润银科技小额贷款  授信额度:1000.00  已用额度:1000.00  剩余额度:0.00
银行名称:华夏银行南京分行  授信额度:30000.00  已用额度:14940.00  剩余额度:15060.00
银行名称:恒丰银行连云港分行  授信额度:30000.00  已用额度:27500.00  剩余额度:2500.00
银行名称:工商银行连云港分行  授信额度:42000.00  已用额度:32200.00  剩余额度:9800.00
银行名称:浦发银行连云港分行  授信额度:28000.00  已用额度:25000.00  剩余额度:3000.00
银行名称:兴业银行连云港分行  授信额度:7200.00  已用额度:7000.00  剩余额度:200.00
银行名称:长期借款小计  授信额度:1499950.00  已用额度:1003295.10  剩余额度:496654.90
银行名称:银行借款合计  授信额度:1876707.75  已用额度:1345064.44  剩余额度:531643.31
处理完成
结束时间：Fri Apr 17 18:37:20 2020
================================
处理文件：江西铜业集团有限公司2020年度第四期超短期融资券募集说明书(更正).pdf
开始时间：Fri Apr 17 18:37:20 2020
表格所在章节数为：2
表格所在页数为：4
计量单位获取失败
目标表格提取
清洗数据
处理完成
结束时间：Fri Apr 17 18:37:32 2020
================================
处理文件：济南高新控股集团有限公司2020年度第一期中期票据募集说明书.pdf
开始时间：Fri Apr 17 18:37:32 2020
表格所在章节数为：217
表格所在页数为：219
计量单位为：万元
目标表格提取
清洗数据
处理完成
结束时间：Fri Apr 17 18:37:53 2020
================================
处理文件：浙江荣盛控股集团有限公司2020年度第四期超短期融资券募集说明书.pdf
开始时间：Fri Apr 17 18:37:53 2020
表格所在章节数为：174
表格所在页数为：176
计量单位获取失败
目标表格提取
清洗数据
处理完成
结束时间：Fri Apr 17 18:37:57 2020
================================
处理文件：淮安市城市资产经营有限公司2020年度第一期超短期融资券募集说明书.pdf
开始时间：Fri Apr 17 18:37:57 2020
表格所在章节数为：295
表格所在页数为：296
计量单位为：万元
目标表格提取
清洗数据
银行名称:中国银行  授信额度:55000.00  已用额度:5000.00  剩余额度:50000.00
银行名称:兴业银行  授信额度:188703.83  已用额度:61000.00  剩余额度:127703.83
银行名称:华夏银行淮安分行  授信额度:70000.00  已用额度:23500.00  剩余额度:46500.00
银行名称:恒丰银行  授信额度:49000.00  已用额度:20500.00  剩余额度:28500.00
银行名称:江苏银行淮安分行营业部  授信额度:380000.00  已用额度:180000.00  剩余额度:200000.00
银行名称:中国农业银行  授信额度:196800.00  已用额度:55500.00  剩余额度:141300.00
银行名称:工商银行  授信额度:100000.00  已用额度:53500.00  剩余额度:46500.00
银行名称:合计  授信额度:2499803.83  已用额度:399000.00  剩余额度:2100803.83
处理完成
结束时间：Fri Apr 17 18:38:28 2020
================================
处理文件：渭南市城市投资集团有限公司2020年度第二期短期融资券募集说明书.pdf
开始时间：Fri Apr 17 18:38:28 2020
表格所在章节数为：187
表格所在页数为：193
计量单位为：万元
目标表格提取
清洗数据
银行名称:国家开发银行  授信额度:156000.00  已用额度:43000.00  剩余额度:113000.00
银行名称:交通银行  授信额度:30000.00  已用额度:27250.00  剩余额度:2750.00
银行名称:广发银行  授信额度:60000.00  已用额度:20000.00  剩余额度:40000.00
银行名称:渤海银行  授信额度:50000.00  已用额度:6000.00  剩余额度:44000.00
银行名称:中信银行  授信额度:25000.00  已用额度:11000.00  剩余额度:14000.00
银行名称:合计  授信额度:391000.00  已用额度:107250.00  剩余额度:283750.00
处理完成
结束时间：Fri Apr 17 18:38:33 2020
================================
处理文件：甘肃省公路航空旅游投资集团有限公司2020年度第一期中期票据募集说明书.pdf
开始时间：Fri Apr 17 18:38:33 2020
表格所在章节数为：197
表格所在页数为：205
计量单位为：亿元
目标表格提取
清洗数据
银行名称:国开行  授信额度:955.00  已用额度:529.65  剩余额度:425.35
银行名称:工商银行  授信额度:433.00  已用额度:302.00  剩余额度:131.00
银行名称:农业银行  授信额度:460.05  已用额度:219.92  剩余额度:240.13
银行名称:中国银行  授信额度:181.56  已用额度:99.92  剩余额度:81.64
银行名称:建设银行  授信额度:163.91  已用额度:107.65  剩余额度:56.26
银行名称:交通银行  授信额度:152.20  已用额度:131.20  剩余额度:21.00
银行名称:中信银行  授信额度:350.00  已用额度:131.50  剩余额度:218.50
银行名称:招商银行  授信额度:178.50  已用额度:178.50  剩余额度:0.00
银行名称:浦发银行  授信额度:140.42  已用额度:96.18  剩余额度:44.24
银行名称:邮储银行  授信额度:106.20  已用额度:106.20  剩余额度:0.00
银行名称:兰州银行  授信额度:20.00  已用额度:7.70  剩余额度:12.30
银行名称:甘肃银行  授信额度:24.00  已用额度:6.00  剩余额度:18.00
银行名称:浙商银行  授信额度:77.00  已用额度:8.70  剩余额度:68.30
银行名称:兴业银行  授信额度:180.00  已用额度:116.27  剩余额度:63.73
银行名称:光大银行  授信额度:90.00  已用额度:49.95  剩余额度:40.05
银行名称:民生银行  授信额度:53.00  已用额度:20.00  剩余额度:33.00
银行名称:进出口  授信额度:100.00  已用额度:32.39  剩余额度:67.61
银行名称:农发行  授信额度:38.00  已用额度:38.00  剩余额度:0.00
银行名称:华夏银行  授信额度:13.50  已用额度:13.50  剩余额度:0.00
处理完成
结束时间：Fri Apr 17 18:38:52 2020
================================
处理文件：荆门市城市建设投资有限公司2020年度中期票据募集说明书(更新).pdf
开始时间：Fri Apr 17 18:38:52 2020
表格所在章节数为：172
表格所在页数为：174
计量单位为：万元
目标表格提取
清洗数据
银行名称:农业发展银行  授信额度:427000.00  已用额度:237000.00  剩余额度:190000.00
银行名称:工商银行  授信额度:100000.00  已用额度:97000.00  剩余额度:3000.00
银行名称:农业银行  授信额度:61000.00  已用额度:27774.33  剩余额度:33225.67
银行名称:国家开发银行  授信额度:202000.00  已用额度:202000.00  剩余额度:0.00
银行名称:湖北银行  授信额度:30000.00  已用额度:30000.00  剩余额度:0.00
银行名称:汉口银行  授信额度:80000.00  已用额度:80000.00  剩余额度:0.00
银行名称:浙商银行  授信额度:48000.00  已用额度:48000.00  剩余额度:0.00
银行名称:建设银行  授信额度:120000.00  已用额度:120000.00  剩余额度:0.00
银行名称:渤海银行  授信额度:80000.00  已用额度:80000.00  剩余额度:0.00
银行名称:中信银行  授信额度:180000.00  已用额度:180000.00  剩余额度:0.00
银行名称:总计  授信额度:1328000.00  已用额度:1101774.33  剩余额度:226225.67
银行名称:合计  授信额度:81.00  已用额度:63.80  剩余额度:17.20
处理完成
结束时间：Fri Apr 17 18:38:57 2020
================================
处理文件：西南水泥有限公司2020年度第三期超短期融资券募集说明书.pdf
开始时间：Fri Apr 17 18:38:57 2020
表格所在章节数为：140
表格所在页数为：142
计量单位为：万元
目标表格提取
清洗数据
银行名称:建设银行  授信额度:230000.00  已用额度:197920.00  剩余额度:32080.00
银行名称:交通银行  授信额度:353000.00  已用额度:195500.00  剩余额度:157500.00
银行名称:农业银行  授信额度:444900.00  已用额度:291850.00  剩余额度:153050.00
银行名称:中国银行  授信额度:89030.00  已用额度:61150.00  剩余额度:27880.00
银行名称:北京银行  授信额度:150000.00  已用额度:60000.00  剩余额度:90000.00
银行名称:兴业银行  授信额度:260000.00  已用额度:189950.00  剩余额度:70050.00
银行名称:民生银行  授信额度:317000.00  已用额度:99600.00  剩余额度:217400.00
银行名称:邮储银行  授信额度:250000.00  已用额度:102800.00  剩余额度:147200.00
银行名称:浦发银行  授信额度:69900.00  已用额度:56218.10  剩余额度:13681.90
银行名称:招商银行  授信额度:38000.00  已用额度:3000.00  剩余额度:35000.00
银行名称:工商银行  授信额度:13600.00  已用额度:13600.00  剩余额度:0.00
银行名称:上海银行  授信额度:40000.00  已用额度:40000.00  剩余额度:0.00
银行名称:光大银行  授信额度:86000.00  已用额度:33550.00  剩余额度:52450.00
银行名称:其他  授信额度:565253.52  已用额度:332201.85  剩余额度:233051.67
银行名称:合计  授信额度:3126683.52  已用额度:1677339.95  剩余额度:1449343.57
处理完成
结束时间：Fri Apr 17 18:39:05 2020
================================
处理文件：重庆供销控股(集团)有限公司2020年度第一期超短期融资券(疫情防控债)募集说明书.pdf
开始时间：Fri Apr 17 18:39:05 2020
表格所在章节数为：183
表格所在页数为：185
计量单位为：万元
目标表格提取
清洗数据
处理完成
结束时间：Fri Apr 17 18:39:15 2020
================================
处理文件：镇江城市建设产业集团有限公司2020年度第一期中期票据募集说明书.pdf
开始时间：Fri Apr 17 18:39:15 2020
表格所在章节数为：207
表格所在页数为：211
计量单位为：万元
目标表格提取
清洗数据
银行名称:五级  授信额度:522000.00  已用额度:221500.00  剩余额度:300500.00
银行名称:七级  授信额度:270000.00  已用额度:210000.00  剩余额度:60000.00
银行名称:四级  授信额度:14000.00  已用额度:14000.00  剩余额度:0.00
处理完成
结束时间：Fri Apr 17 18:39:49 2020
================================
处理文件：陕西金融控股集团有限公司2020年度第一期超短期融资券募集说明书.pdf
开始时间：Fri Apr 17 18:39:49 2020
表格所在章节数为：152
表格所在页数为：154
计量单位为：万元
目标表格提取
清洗数据
银行名称:交通银行  授信额度:60000.00  已用额度:60000.00  剩余额度:0.00
银行名称:建设银行  授信额度:150000.00  已用额度:104800.00  剩余额度:45200.00
银行名称:西安银行  授信额度:110000.00  已用额度:110000.00  剩余额度:0.00
银行名称:民生银行  授信额度:50000.00  已用额度:20000.00  剩余额度:30000.00
银行名称:中信银行  授信额度:60000.00  已用额度:55000.00  剩余额度:5000.00
银行名称:国家开发银行  授信额度:50000.00  已用额度:50000.00  剩余额度:0.00
银行名称:浦发银行  授信额度:30000.00  已用额度:23000.00  剩余额度:7000.00
银行名称:招商银行  授信额度:20000.00  已用额度:20000.00  剩余额度:0.00
银行名称:浙商银行  授信额度:190000.00  已用额度:122640.00  剩余额度:67360.00
银行名称:公募公司债  授信额度:4.00  已用额度:0.92  剩余额度:3.08
银行名称:定向工具  授信额度:10.00  已用额度:3.98  剩余额度:6.02
银行名称:定向工具  授信额度:10.00  已用额度:4.19  剩余额度:5.81
银行名称:企业债  授信额度:10.00  已用额度:5.88  剩余额度:4.12
银行名称:私募公司债  授信额度:20.00  已用额度:4.50  剩余额度:15.50
银行名称:企业债  授信额度:7.00  已用额度:4.79  剩余额度:2.21
银行名称:超短期融资券  授信额度:10.00  已用额度:3.67  剩余额度:6.33
处理完成
结束时间：Fri Apr 17 18:39:59 2020
================================
处理文件：青岛军民融合发展集团有限公司2020年度第二期中期票据募集说明书.pdf
开始时间：Fri Apr 17 18:39:59 2020
表格所在章节数为：142
表格所在页数为：145
计量单位为：万元
目标表格提取
清洗数据
银行名称:北京银行  授信额度:34000.00  已用额度:34000.00  剩余额度:0.00
银行名称:工商银行  授信额度:152200.00  已用额度:136114.00  剩余额度:16086.00
银行名称:河北银行  授信额度:15000.00  已用额度:15000.00  剩余额度:0.00
银行名称:华夏银行  授信额度:72100.00  已用额度:52100.00  剩余额度:20000.00
银行名称:建设银行  授信额度:20000.00  已用额度:20000.00  剩余额度:0.00
银行名称:交通银行  授信额度:78000.00  已用额度:37457.00  剩余额度:40543.00
银行名称:农发行  授信额度:197200.00  已用额度:119200.00  剩余额度:78000.00
银行名称:浦发银行  授信额度:36750.00  已用额度:36750.00  剩余额度:0.00
银行名称:青岛农商银行  授信额度:72000.00  已用额度:53300.00  剩余额度:18700.00
银行名称:青岛银行  授信额度:112600.00  已用额度:89230.00  剩余额度:23370.00
银行名称:威海银行  授信额度:100000.00  已用额度:60000.00  剩余额度:40000.00
银行名称:潍坊银行  授信额度:52532.00  已用额度:28462.00  剩余额度:24070.00
银行名称:兴业银行  授信额度:138380.00  已用额度:116080.00  剩余额度:22300.00
银行名称:中国进出口银行  授信额度:61500.00  已用额度:17050.00  剩余额度:44450.00
银行名称:烟台银行  授信额度:36000.00  已用额度:25337.00  剩余额度:10663.00
银行名称:恒丰银行  授信额度:97000.00  已用额度:30016.00  剩余额度:66984.00
银行名称:日照银行  授信额度:20000.00  已用额度:12000.00  剩余额度:8000.00
银行名称:农业银行  授信额度:43000.00  已用额度:33650.00  剩余额度:9350.00
银行名称:光大银行  授信额度:40000.00  已用额度:33000.00  剩余额度:7000.00
银行名称:齐鲁银行  授信额度:33000.00  已用额度:13000.00  剩余额度:20000.00
银行名称:蓬莱民生村镇银行  授信额度:480.00  已用额度:480.00  剩余额度:0.00
银行名称:蓬莱农商行  授信额度:3700.00  已用额度:3700.00  剩余额度:0.00
银行名称:厦门国际银行  授信额度:20000.00  已用额度:20000.00  剩余额度:0.00
银行名称:中信银行  授信额度:4000.00  已用额度:4000.00  剩余额度:0.00
银行名称:合计  授信额度:1452442.00  已用额度:989926.00  剩余额度:462516.00
处理完成
结束时间：Fri Apr 17 18:40:12 2020
================================
处理文件：青岛城市建设投资(集团)有限责任公司2020年度第二期中期票据募集说明书.pdf
开始时间：Fri Apr 17 18:40:12 2020
表格所在章节数为：161
表格所在页数为：163
计量单位为：万元
目标表格提取
清洗数据
银行名称:渤海银行  授信额度:79740.00  已用额度:79740.00  剩余额度:0.00
银行名称:中国银行  授信额度:93276.36  已用额度:71676.36  剩余额度:21600.00
银行名称:工商银行  授信额度:357698.60  已用额度:277698.60  剩余额度:80000.00
银行名称:国开行  授信额度:363256.00  已用额度:163256.00  剩余额度:200000.00
银行名称:华夏银行  授信额度:84972.86  已用额度:61972.86  剩余额度:23000.00
银行名称:建设银行  授信额度:576000.00  已用额度:176000.00  剩余额度:400000.00
银行名称:交通银行  授信额度:355262.23  已用额度:155262.23  剩余额度:200000.00
银行名称:农业银行  授信额度:1130.01  已用额度:1130.01  剩余额度:0.00
银行名称:齐鲁银行  授信额度:55877.50  已用额度:8477.50  剩余额度:47400.00
银行名称:青岛农村商业银行  授信额度:100200.00  已用额度:80000.00  剩余额度:20200.00
银行名称:青岛银行  授信额度:227000.00  已用额度:127000.00  剩余额度:100000.00
银行名称:北京银行  授信额度:35500.00  已用额度:30000.00  剩余额度:5500.00
银行名称:恒丰银行  授信额度:30000.00  已用额度:5000.00  剩余额度:25000.00
银行名称:东亚银行  授信额度:11806.11  已用额度:11806.11  剩余额度:0.00
银行名称:光大银行  授信额度:104436.88  已用额度:104436.88  剩余额度:0.00
银行名称:浦发银行  授信额度:334703.22  已用额度:74703.22  剩余额度:260000.00
银行名称:中信银行  授信额度:160000.00  已用额度:117500.00  剩余额度:42500.00
银行名称:民生银行  授信额度:169900.00  已用额度:139900.00  剩余额度:30000.00
银行名称:青岛崂山交银村镇银行  授信额度:1500.00  已用额度:1500.00  剩余额度:0.00
银行名称:日照银行/南京银行  授信额度:200000.00  已用额度:150000.00  剩余额度:50000.00
银行名称:南洋银行  授信额度:98807.63  已用额度:98807.63  剩余额度:0.00
银行名称:广东发展银行  授信额度:43291.33  已用额度:43291.33  剩余额度:0.00
银行名称:中国进出口银行  授信额度:55000.00  已用额度:55000.00  剩余额度:0.00
银行名称:招商银行  授信额度:115778.60  已用额度:115778.60  剩余额度:0.00
银行名称:天津银行  授信额度:12000.00  已用额度:12000.00  剩余额度:0.00
银行名称:烟台银行  授信额度:2500.00  已用额度:2500.00  剩余额度:0.00
银行名称:平安银行  授信额度:144400.00  已用额度:44400.00  剩余额度:100000.00
银行名称:北银租赁  授信额度:37500.00  已用额度:37500.00  剩余额度:0.00
银行名称:工银租赁  授信额度:74837.95  已用额度:74837.95  剩余额度:0.00
银行名称:光大租赁  授信额度:32000.00  已用额度:32000.00  剩余额度:0.00
银行名称:交银国际信托  授信额度:1574000.00  已用额度:1324000.00  剩余额度:250000.00
银行名称:新时代信托  授信额度:200000.00  已用额度:200000.00  剩余额度:0.00
银行名称:交银租赁  授信额度:220691.93  已用额度:220691.93  剩余额度:0.00
银行名称:陆家嘴信托  授信额度:754353.28  已用额度:354353.28  剩余额度:400000.00
银行名称:平安信托  授信额度:348277.00  已用额度:188277.00  剩余额度:160000.00
银行名称:五矿信托  授信额度:100000.00  已用额度:100000.00  剩余额度:0.00
银行名称:对外经济贸易信托  授信额度:50000.00  已用额度:50000.00  剩余额度:0.00
银行名称:外贸租赁  授信额度:91000.00  已用额度:91000.00  剩余额度:0.00
银行名称:山东省国际信托  授信额度:250000.00  已用额度:250000.00  剩余额度:0.00
银行名称:中海信托  授信额度:200500.00  已用额度:150500.00  剩余额度:50000.00
银行名称:中信信托  授信额度:100000.00  已用额度:100000.00  剩余额度:0.00
银行名称:华鑫信托国际有限公司  授信额度:200000.00  已用额度:90000.00  剩余额度:110000.00
银行名称:华福证券  授信额度:2816.60  已用额度:2816.60  剩余额度:0.00
银行名称:建信金融租赁  授信额度:152672.46  已用额度:152672.46  剩余额度:0.00
银行名称:陕西鼎盛裕和融资租赁公司  授信额度:339636.00  已用额度:339636.00  剩余额度:0.00
银行名称:重庆新汇融融资租赁公司  授信额度:24403.00  已用额度:24403.00  剩余额度:0.00
银行名称:河南富国泓信融资租赁有限公司  授信额度:67084.00  已用额度:67084.00  剩余额度:0.00
银行名称:百瑞信托  授信额度:95000.00  已用额度:95000.00  剩余额度:0.00
银行名称:渤海信托  授信额度:60000.00  已用额度:60000.00  剩余额度:0.00
银行名称:四川信托  授信额度:150000.00  已用额度:150000.00  剩余额度:0.00
银行名称:紫金信托  授信额度:20300.00  已用额度:20300.00  剩余额度:0.00
银行名称:华润深国投信托  授信额度:479280.00  已用额度:479280.00  剩余额度:0.00
银行名称:大业信托  授信额度:13500.00  已用额度:13500.00  剩余额度:0.00
银行名称:光大信托  授信额度:60000.00  已用额度:60000.00  剩余额度:0.00
银行名称:建信信托  授信额度:40000.00  已用额度:40000.00  剩余额度:0.00
银行名称:中泰信托  授信额度:30000.00  已用额度:30000.00  剩余额度:0.00
银行名称:华信信托  授信额度:90000.00  已用额度:90000.00  剩余额度:0.00
银行名称:青银租赁  授信额度:20000.00  已用额度:10000.00  剩余额度:10000.00
银行名称:中航信托  授信额度:100000.00  已用额度:100000.00  剩余额度:0.00
银行名称:合计  授信额度:10492589.55  已用额度:7206689.55  剩余额度:3285900.00
处理完成
结束时间：Fri Apr 17 18:40:16 2020
